Using pre-set license
Built from '2020.3/release' branch; Version is '2020.3.34f1 (9a4c9c70452b) revision 10112156'; Using compiler version '192528614'; Build Type 'Release'
OS: 'Windows 10  (10.0.19044) 64bit Enterprise' Language: 'ru' Physical Memory: 16329 MB
BatchMode: 1, IsHumanControllingUs: 0, StartBugReporterOnCrash: 0, Is64bit: 1, IsPro: 0

COMMAND LINE ARGUMENTS:
C:\Program Files\Unity\Hub\Editor\2020.3.34f1\Editor\Unity.exe
-adb2
-batchMode
-noUpm
-name
AssetImportWorker0
-projectPath
D:/work/My projects/AzurGames_Test
-logFile
Logs/AssetImportWorker0.log
-srvPort
51376
Successfully changed project path to: D:/work/My projects/AzurGames_Test
D:/work/My projects/AzurGames_Test
Using Asset Import Pipeline V2.
Refreshing native plugins compatible for Editor in 41.03 ms, found 2 plugins.
Preloading 0 native plugins for Editor in 0.00 ms.
Initialize engine version: 2020.3.34f1 (9a4c9c70452b)
[Subsystems] Discovering subsystems at path C:/Program Files/Unity/Hub/Editor/2020.3.34f1/Editor/Data/Resources/UnitySubsystems
[Subsystems] Discovering subsystems at path D:/work/My projects/AzurGames_Test/Assets
GfxDevice: creating device client; threaded=0
Direct3D:
    Version:  Direct3D 11.0 [level 11.1]
    Renderer: NVIDIA GeForce GTX 1650 (ID=0x1f0a)
    Vendor:   
    VRAM:     3961 MB
    Driver:   31.0.15.1694
Initialize mono
Mono path[0] = 'C:/Program Files/Unity/Hub/Editor/2020.3.34f1/Editor/Data/Managed'
Mono path[1] = 'C:/Program Files/Unity/Hub/Editor/2020.3.34f1/Editor/Data/MonoBleedingEdge/lib/mono/unityjit'
Mono config path = 'C:/Program Files/Unity/Hub/Editor/2020.3.34f1/Editor/Data/MonoBleedingEdge/etc'
Using monoOptions --debugger-agent=transport=dt_socket,embedding=1,server=y,suspend=n,address=127.0.0.1:56032
Begin MonoManager ReloadAssembly
Registering precompiled unity dll's ...
Register platform support module: C:/Program Files/Unity/Hub/Editor/2020.3.34f1/Editor/Data/PlaybackEngines/WindowsStandaloneSupport/UnityEditor.WindowsStandalone.Extensions.dll
Registered in 0.002185 seconds.
Native extension for WindowsStandalone target not found
Refreshing native plugins compatible for Editor in 46.38 ms, found 2 plugins.
Preloading 0 native plugins for Editor in 0.00 ms.
Mono: successfully reloaded assembly
- Completed reload, in  0.562 seconds
Domain Reload Profiling:
	ReloadAssembly (562ms)
		BeginReloadAssembly (67ms)
			ExecutionOrderSort (0ms)
			DisableScriptedObjects (0ms)
			BackupInstance (0ms)
			ReleaseScriptingObjects (0ms)
			CreateAndSetChildDomain (1ms)
		EndReloadAssembly (426ms)
			LoadAssemblies (65ms)
			RebuildTransferFunctionScriptingTraits (0ms)
			SetupTypeCache (137ms)
			ReleaseScriptCaches (0ms)
			RebuildScriptCaches (28ms)
			SetupLoadedEditorAssemblies (165ms)
				LogAssemblyErrors (0ms)
				InitializePlatformSupportModulesInManaged (4ms)
				SetLoadedEditorAssemblies (0ms)
				RefreshPlugins (46ms)
				BeforeProcessingInitializeOnLoad (15ms)
				ProcessInitializeOnLoadAttributes (74ms)
				ProcessInitializeOnLoadMethodAttributes (26ms)
				AfterProcessingInitializeOnLoad (0ms)
				EditorAssembliesLoaded (0ms)
			ExecutionOrderSort2 (0ms)
			AwakeInstancesAfterBackupRestoration (0ms)
Platform modules already initialized, skipping
Registering precompiled user dll's ...
Registered in 0.002906 seconds.
Begin MonoManager ReloadAssembly
Native extension for WindowsStandalone target not found
Refreshing native plugins compatible for Editor in 0.42 ms, found 2 plugins.
Preloading 0 native plugins for Editor in 0.00 ms.
Mono: successfully reloaded assembly
- Completed reload, in  1.609 seconds
Domain Reload Profiling:
	ReloadAssembly (1609ms)
		BeginReloadAssembly (155ms)
			ExecutionOrderSort (0ms)
			DisableScriptedObjects (5ms)
			BackupInstance (0ms)
			ReleaseScriptingObjects (0ms)
			CreateAndSetChildDomain (19ms)
		EndReloadAssembly (1394ms)
			LoadAssemblies (102ms)
			RebuildTransferFunctionScriptingTraits (0ms)
			SetupTypeCache (285ms)
			ReleaseScriptCaches (0ms)
			RebuildScriptCaches (46ms)
			SetupLoadedEditorAssemblies (882ms)
				LogAssemblyErrors (0ms)
				InitializePlatformSupportModulesInManaged (4ms)
				SetLoadedEditorAssemblies (0ms)
				RefreshPlugins (0ms)
				BeforeProcessingInitializeOnLoad (105ms)
				ProcessInitializeOnLoadAttributes (750ms)
				ProcessInitializeOnLoadMethodAttributes (14ms)
				AfterProcessingInitializeOnLoad (8ms)
				EditorAssembliesLoaded (0ms)
			ExecutionOrderSort2 (0ms)
			AwakeInstancesAfterBackupRestoration (2ms)
Platform modules already initialized, skipping
========================================================================
Worker process is ready to serve import requests
Launched and connected shader compiler UnityShaderCompiler.exe after 0.05 seconds
Refreshing native plugins compatible for Editor in 0.49 ms, found 2 plugins.
Preloading 0 native plugins for Editor in 0.00 ms.
Unloading 2066 Unused Serialized files (Serialized files now loaded: 0)
System memory in use before: 99.3 MB.
System memory in use after: 99.4 MB.

Unloading 17 unused Assets to reduce memory usage. Loaded Objects now: 2506.
Total: 3.422100 ms (FindLiveObjects: 0.185600 ms CreateObjectMapping: 0.096900 ms MarkObjects: 3.066200 ms  DeleteObjects: 0.072500 ms)

AssetImportParameters requested are different than current active one (requested -> active):
  custom:framework-win-MediaFoundation: 216162199b28c13a410421893ffa2e32 -> 
  custom:video-decoder-ogg-theora: a1e56fd34408186e4bbccfd4996cb3dc -> 
  custom:container-muxer-webm: aa71ff27fc2769a1b78a27578f13a17b -> 
  custom:container-demuxer-webm: 4f35f7cbe854078d1ac9338744f61a02 -> 
  custom:container-demuxer-ogg: 62fdf1f143b41e24485cea50d1cbac27 -> 
  custom:video-encoder-webm-vp8: eb34c28f22e8b96e1ab97ce403110664 -> 
  custom:video-decoder-webm-vp8: 9c59270c3fd7afecdb556c50c9e8de78 -> 
  custom:audio-decoder-ogg-vorbis: bf7c407c2cedff20999df2af8eb42d56 -> 
  custom:audio-encoder-webm-vorbis: bf7c407c2cedff20999df2af8eb42d56 -> 
========================================================================
Received Import Request.
  path: Assets/Materials/Floor.mat
  artifactKey: Guid(a1b6adcaea8593543932f3d2fc76f318) Importer(815301076,1909f56bfc062723c751e8b465ee728b)
Start importing Assets/Materials/Floor.mat using Guid(a1b6adcaea8593543932f3d2fc76f318) Importer(815301076,1909f56bfc062723c751e8b465ee728b)  -> (artifact id: '1a02aa526c35505ed68bcc4d56c13dd7') in 0.109119 seconds 
========================================================================
Received Import Request.
  Time since last request: 288.663207 seconds.
  path: Assets/Materials/bottle
  artifactKey: Guid(18953b63b7c9f6941b477ba060b2d273) Importer(815301076,1909f56bfc062723c751e8b465ee728b)
Start importing Assets/Materials/bottle using Guid(18953b63b7c9f6941b477ba060b2d273) Importer(815301076,1909f56bfc062723c751e8b465ee728b)  -> (artifact id: '4ebc0ac38c6a724b6bb5517e0454a275') in 0.001714 seconds 
========================================================================
Received Import Request.
  Time since last request: 11.788559 seconds.
  path: Assets/Materials/bottle/Bottlecap.mat
  artifactKey: Guid(9a4b183d3799dd04697d797704bf6235) Importer(815301076,1909f56bfc062723c751e8b465ee728b)
Start importing Assets/Materials/bottle/Bottlecap.mat using Guid(9a4b183d3799dd04697d797704bf6235) Importer(815301076,1909f56bfc062723c751e8b465ee728b)  -> (artifact id: '4df08ad65cb238652443a8d2ba2da80e') in 0.036376 seconds 
========================================================================
Received Import Request.
  Time since last request: 19.441086 seconds.
  path: Assets/Materials/bottle/Bottlebody.mat
  artifactKey: Guid(b81032214a0211946aadcacb5c8159d7) Importer(815301076,1909f56bfc062723c751e8b465ee728b)
Start importing Assets/Materials/bottle/Bottlebody.mat using Guid(b81032214a0211946aadcacb5c8159d7) Importer(815301076,1909f56bfc062723c751e8b465ee728b)  -> (artifact id: '88974c788e31b56ac4ff6fe4d4a75a3c') in 0.026742 seconds 
========================================================================
Received Import Request.
  Time since last request: 117.367100 seconds.
  path: Assets/Prefabs
  artifactKey: Guid(a4fa7f8676b5cf146ba8cc9b82d02389) Importer(815301076,1909f56bfc062723c751e8b465ee728b)
Start importing Assets/Prefabs using Guid(a4fa7f8676b5cf146ba8cc9b82d02389) Importer(815301076,1909f56bfc062723c751e8b465ee728b)  -> (artifact id: '5c0727ec967c238c45f181ef90764755') in 0.001730 seconds 
========================================================================
Received Import Request.
  Time since last request: 2.326171 seconds.
  path: Assets/Prefabs/Bottle.prefab
  artifactKey: Guid(f709a54c806ea4044bfbfaa14908030a) Importer(815301076,1909f56bfc062723c751e8b465ee728b)
Start importing Assets/Prefabs/Bottle.prefab using Guid(f709a54c806ea4044bfbfaa14908030a) Importer(815301076,1909f56bfc062723c751e8b465ee728b)  -> (artifact id: '56d8109a7a5bc46d1be4a7389d5ef68e') in 0.019755 seconds 
========================================================================
Received Import Request.
  Time since last request: 4.693237 seconds.
  path: Assets/Prefabs/Floor.prefab
  artifactKey: Guid(e8fc49756d265b943a4827cf2fa04afd) Importer(815301076,1909f56bfc062723c751e8b465ee728b)
Start importing Assets/Prefabs/Floor.prefab using Guid(e8fc49756d265b943a4827cf2fa04afd) Importer(815301076,1909f56bfc062723c751e8b465ee728b)  -> (artifact id: 'cc82305f49c7a61eb1098caad78d7ee1') in 0.007220 seconds 
========================================================================
Received Prepare
Registering precompiled user dll's ...
Registered in 0.003103 seconds.
Begin MonoManager ReloadAssembly
Native extension for WindowsStandalone target not found
Refreshing native plugins compatible for Editor in 0.42 ms, found 2 plugins.
Preloading 0 native plugins for Editor in 0.00 ms.
Mono: successfully reloaded assembly
- Completed reload, in  1.070 seconds
Domain Reload Profiling:
	ReloadAssembly (1070ms)
		BeginReloadAssembly (130ms)
			ExecutionOrderSort (0ms)
			DisableScriptedObjects (4ms)
			BackupInstance (0ms)
			ReleaseScriptingObjects (0ms)
			CreateAndSetChildDomain (33ms)
		EndReloadAssembly (882ms)
			LoadAssemblies (95ms)
			RebuildTransferFunctionScriptingTraits (0ms)
			SetupTypeCache (264ms)
			ReleaseScriptCaches (1ms)
			RebuildScriptCaches (38ms)
			SetupLoadedEditorAssemblies (412ms)
				LogAssemblyErrors (0ms)
				InitializePlatformSupportModulesInManaged (4ms)
				SetLoadedEditorAssemblies (0ms)
				RefreshPlugins (0ms)
				BeforeProcessingInitializeOnLoad (74ms)
				ProcessInitializeOnLoadAttributes (313ms)
				ProcessInitializeOnLoadMethodAttributes (12ms)
				AfterProcessingInitializeOnLoad (7ms)
				EditorAssembliesLoaded (0ms)
			ExecutionOrderSort2 (0ms)
			AwakeInstancesAfterBackupRestoration (2ms)
Platform modules already initialized, skipping
Refreshing native plugins compatible for Editor in 0.43 ms, found 2 plugins.
Preloading 0 native plugins for Editor in 0.00 ms.
Unloading 2030 Unused Serialized files (Serialized files now loaded: 0)
System memory in use before: 99.4 MB.
System memory in use after: 99.5 MB.

Unloading 12 unused Assets to reduce memory usage. Loaded Objects now: 2552.
Total: 2.954100 ms (FindLiveObjects: 0.143700 ms CreateObjectMapping: 0.068600 ms MarkObjects: 2.723200 ms  DeleteObjects: 0.018000 ms)

AssetImportParameters requested are different than current active one (requested -> active):
  custom:framework-win-MediaFoundation: 216162199b28c13a410421893ffa2e32 -> 
  custom:video-decoder-ogg-theora: a1e56fd34408186e4bbccfd4996cb3dc -> 
  custom:container-muxer-webm: aa71ff27fc2769a1b78a27578f13a17b -> 
  custom:container-demuxer-webm: 4f35f7cbe854078d1ac9338744f61a02 -> 
  custom:container-demuxer-ogg: 62fdf1f143b41e24485cea50d1cbac27 -> 
  custom:video-encoder-webm-vp8: eb34c28f22e8b96e1ab97ce403110664 -> 
  custom:video-decoder-webm-vp8: 9c59270c3fd7afecdb556c50c9e8de78 -> 
  custom:audio-decoder-ogg-vorbis: bf7c407c2cedff20999df2af8eb42d56 -> 
  custom:audio-encoder-webm-vorbis: bf7c407c2cedff20999df2af8eb42d56 -> 
========================================================================
Received Import Request.
  Time since last request: 301.845779 seconds.
  path: Assets/Prefabs/Bottle 1.prefab
  artifactKey: Guid(4982803608a7c484b83a556934421e9a) Importer(815301076,1909f56bfc062723c751e8b465ee728b)
Start importing Assets/Prefabs/Bottle 1.prefab using Guid(4982803608a7c484b83a556934421e9a) Importer(815301076,1909f56bfc062723c751e8b465ee728b)  -> (artifact id: '48e1c041d8ea45a16e58dfc562ddb781') in 0.051564 seconds 
========================================================================
Received Import Request.
  Time since last request: 544.830566 seconds.
  path: Assets/Prefabs/Shelf.prefab
  artifactKey: Guid(f70dc317d0afcc347b9caaaa7181b9d0) Importer(815301076,1909f56bfc062723c751e8b465ee728b)
Start importing Assets/Prefabs/Shelf.prefab using Guid(f70dc317d0afcc347b9caaaa7181b9d0) Importer(815301076,1909f56bfc062723c751e8b465ee728b)  -> (artifact id: '90e34a89b9920f3b974bbda68fe060d7') in 0.010965 seconds 
========================================================================
Received Import Request.
  Time since last request: 18.628442 seconds.
  path: Assets/Prefabs/Shelf.prefab
  artifactKey: Guid(f70dc317d0afcc347b9caaaa7181b9d0) Importer(815301076,1909f56bfc062723c751e8b465ee728b)
Start importing Assets/Prefabs/Shelf.prefab using Guid(f70dc317d0afcc347b9caaaa7181b9d0) Importer(815301076,1909f56bfc062723c751e8b465ee728b)  -> (artifact id: '616ba4ac977a6faa7653b36df8ff88f9') in 0.009295 seconds 
========================================================================
Received Import Request.
  Time since last request: 15.171774 seconds.
  path: Assets/Materials/Floor.mat
  artifactKey: Guid(a1b6adcaea8593543932f3d2fc76f318) Importer(815301076,1909f56bfc062723c751e8b465ee728b)
Start importing Assets/Materials/Floor.mat using Guid(a1b6adcaea8593543932f3d2fc76f318) Importer(815301076,1909f56bfc062723c751e8b465ee728b)  -> (artifact id: '326e6bc054aa62fc6cb6544fa05148b4') in 0.019099 seconds 
========================================================================
Received Import Request.
  Time since last request: 11.533413 seconds.
  path: Assets/Materials/Wood.mat
  artifactKey: Guid(ff22845792dfb3c478aefac9f84a34f1) Importer(815301076,1909f56bfc062723c751e8b465ee728b)
Start importing Assets/Materials/Wood.mat using Guid(ff22845792dfb3c478aefac9f84a34f1) Importer(815301076,1909f56bfc062723c751e8b465ee728b)  -> (artifact id: '41e2241b7f841c0253f4b3549d241d51') in 0.014880 seconds 
========================================================================
Received Import Request.
  Time since last request: 931.141467 seconds.
  path: Assets/Materials/New Folder
  artifactKey: Guid(4b4a1e81f5c4b7840a3b8950a15dd525) Importer(815301076,1909f56bfc062723c751e8b465ee728b)
Start importing Assets/Materials/New Folder using Guid(4b4a1e81f5c4b7840a3b8950a15dd525) Importer(815301076,1909f56bfc062723c751e8b465ee728b)  -> (artifact id: 'a26db196539bc0f5d14e852855274b43') in 0.001732 seconds 
========================================================================
Received Import Request.
  Time since last request: 14.641704 seconds.
  path: Assets/Materials/Fridge
  artifactKey: Guid(347b6bc8600dc4843b0bc31e0bf08571) Importer(815301076,1909f56bfc062723c751e8b465ee728b)
Start importing Assets/Materials/Fridge using Guid(347b6bc8600dc4843b0bc31e0bf08571) Importer(815301076,1909f56bfc062723c751e8b465ee728b)  -> (artifact id: '80b28d9f4baa99fb16f4e51f7973837a') in 0.001853 seconds 
========================================================================
Received Import Request.
  Time since last request: 10.675399 seconds.
  path: Assets/Materials/Fridge/Metal.mat
  artifactKey: Guid(4bfcae9d53cc2864180a5b09418b53d7) Importer(815301076,1909f56bfc062723c751e8b465ee728b)
Start importing Assets/Materials/Fridge/Metal.mat using Guid(4bfcae9d53cc2864180a5b09418b53d7) Importer(815301076,1909f56bfc062723c751e8b465ee728b)  -> (artifact id: 'e43fe9abe239bb0b8209ed4e3db84a43') in 0.015980 seconds 
========================================================================
Received Import Request.
  Time since last request: 33.446144 seconds.
  path: Assets/Materials/Fridge/Glass.mat
  artifactKey: Guid(352a35b903b2a2c418265bae8a6a1d5e) Importer(815301076,1909f56bfc062723c751e8b465ee728b)
Start importing Assets/Materials/Fridge/Glass.mat using Guid(352a35b903b2a2c418265bae8a6a1d5e) Importer(815301076,1909f56bfc062723c751e8b465ee728b)  -> (artifact id: '50550d93e94c072292d4b6f4afed3661') in 0.008743 seconds 
========================================================================
Received Import Request.
  Time since last request: 78.037749 seconds.
  path: Assets/Materials/Fridge/Glass.mat
  artifactKey: Guid(352a35b903b2a2c418265bae8a6a1d5e) Importer(815301076,1909f56bfc062723c751e8b465ee728b)
Start importing Assets/Materials/Fridge/Glass.mat using Guid(352a35b903b2a2c418265bae8a6a1d5e) Importer(815301076,1909f56bfc062723c751e8b465ee728b)  -> (artifact id: 'a2bf350186620a32b3615f3f335ebbb1') in 0.040585 seconds 
========================================================================
Received Import Request.
  Time since last request: 0.000266 seconds.
  path: Assets/Materials/Fridge/Metal.mat
  artifactKey: Guid(4bfcae9d53cc2864180a5b09418b53d7) Importer(815301076,1909f56bfc062723c751e8b465ee728b)
Start importing Assets/Materials/Fridge/Metal.mat using Guid(4bfcae9d53cc2864180a5b09418b53d7) Importer(815301076,1909f56bfc062723c751e8b465ee728b)  -> (artifact id: '079cb00e9141493383db3fa9c9bd29ee') in 0.011204 seconds 
========================================================================
Received Import Request.
  Time since last request: 3809.289808 seconds.
  path: Assets/ShoppingCart.fbx
  artifactKey: Guid(c8ea92e1f33cbdc4fabd85ec365b8cb5) Importer(815301076,1909f56bfc062723c751e8b465ee728b)
Start importing Assets/ShoppingCart.fbx using Guid(c8ea92e1f33cbdc4fabd85ec365b8cb5) Importer(815301076,1909f56bfc062723c751e8b465ee728b)  -> (artifact id: 'c04bfe1f52ac48ca8bcf866de14e39f1') in 0.138196 seconds 
========================================================================
Received Import Request.
  Time since last request: 67.959945 seconds.
  path: Assets/ShoppingCartnWheels.fbx
  artifactKey: Guid(fb6303c8dcdbf9348bb8efcf237a0db4) Importer(815301076,1909f56bfc062723c751e8b465ee728b)
Start importing Assets/ShoppingCartnWheels.fbx using Guid(fb6303c8dcdbf9348bb8efcf237a0db4) Importer(815301076,1909f56bfc062723c751e8b465ee728b)  -> (artifact id: 'd46c428d313f8a1aed2c3ac3a3d400c1') in 0.140939 seconds 
========================================================================
Received Import Request.
  Time since last request: 74.320862 seconds.
  path: Assets/Materials/Wood.mat
  artifactKey: Guid(ff22845792dfb3c478aefac9f84a34f1) Importer(815301076,1909f56bfc062723c751e8b465ee728b)
Start importing Assets/Materials/Wood.mat using Guid(ff22845792dfb3c478aefac9f84a34f1) Importer(815301076,1909f56bfc062723c751e8b465ee728b)  -> (artifact id: 'df481811853140838826cb7d5132cad6') in 0.030595 seconds 
========================================================================
Received Import Request.
  Time since last request: 81.786867 seconds.
  path: Assets/Prefabs/Shelf.prefab
  artifactKey: Guid(f70dc317d0afcc347b9caaaa7181b9d0) Importer(815301076,1909f56bfc062723c751e8b465ee728b)
Start importing Assets/Prefabs/Shelf.prefab using Guid(f70dc317d0afcc347b9caaaa7181b9d0) Importer(815301076,1909f56bfc062723c751e8b465ee728b)  -> (artifact id: '9d745d539d16c5c643beb3298e585988') in 0.016037 seconds 
========================================================================
Received Import Request.
  Time since last request: 2.177083 seconds.
  path: Assets/Prefabs/Fridge.prefab
  artifactKey: Guid(7b1f885c06f424d46b2e26d145bcac07) Importer(815301076,1909f56bfc062723c751e8b465ee728b)
Start importing Assets/Prefabs/Fridge.prefab using Guid(7b1f885c06f424d46b2e26d145bcac07) Importer(815301076,1909f56bfc062723c751e8b465ee728b)  -> (artifact id: '6e1987c0af8f5121aea60c6635fa62a5') in 0.018290 seconds 
========================================================================
Received Import Request.
  Time since last request: 268.115853 seconds.
  path: Assets/Prefabs/FFK_Register.prefab
  artifactKey: Guid(95af4b3b6f92f0e4b8121d4976a7f0ab) Importer(815301076,1909f56bfc062723c751e8b465ee728b)
Start importing Assets/Prefabs/FFK_Register.prefab using Guid(95af4b3b6f92f0e4b8121d4976a7f0ab) Importer(815301076,1909f56bfc062723c751e8b465ee728b)  -> (artifact id: 'a1fd8c7c990b1d3d80dcdf641e009777') in 0.068925 seconds 
========================================================================
Received Import Request.
  Time since last request: 6.486688 seconds.
  path: Assets/Prefabs/Tray_01_Setup_04.prefab
  artifactKey: Guid(b1369b58bc00464468a0511cadb394f8) Importer(815301076,1909f56bfc062723c751e8b465ee728b)
Start importing Assets/Prefabs/Tray_01_Setup_04.prefab using Guid(b1369b58bc00464468a0511cadb394f8) Importer(815301076,1909f56bfc062723c751e8b465ee728b)  -> (artifact id: '2e8f7e6fcd8e494426da22738799fa2e') in 0.031669 seconds 
========================================================================
Received Prepare
Registering precompiled user dll's ...
Registered in 0.002482 seconds.
Begin MonoManager ReloadAssembly
Native extension for WindowsStandalone target not found
Refreshing native plugins compatible for Editor in 0.38 ms, found 2 plugins.
Preloading 0 native plugins for Editor in 0.00 ms.
Mono: successfully reloaded assembly
- Completed reload, in  1.072 seconds
Domain Reload Profiling:
	ReloadAssembly (1073ms)
		BeginReloadAssembly (122ms)
			ExecutionOrderSort (0ms)
			DisableScriptedObjects (4ms)
			BackupInstance (0ms)
			ReleaseScriptingObjects (0ms)
			CreateAndSetChildDomain (39ms)
		EndReloadAssembly (891ms)
			LoadAssemblies (100ms)
			RebuildTransferFunctionScriptingTraits (0ms)
			SetupTypeCache (267ms)
			ReleaseScriptCaches (1ms)
			RebuildScriptCaches (38ms)
			SetupLoadedEditorAssemblies (413ms)
				LogAssemblyErrors (0ms)
				InitializePlatformSupportModulesInManaged (5ms)
				SetLoadedEditorAssemblies (0ms)
				RefreshPlugins (0ms)
				BeforeProcessingInitializeOnLoad (75ms)
				ProcessInitializeOnLoadAttributes (311ms)
				ProcessInitializeOnLoadMethodAttributes (13ms)
				AfterProcessingInitializeOnLoad (8ms)
				EditorAssembliesLoaded (0ms)
			ExecutionOrderSort2 (0ms)
			AwakeInstancesAfterBackupRestoration (2ms)
Platform modules already initialized, skipping
Refreshing native plugins compatible for Editor in 0.39 ms, found 2 plugins.
Preloading 0 native plugins for Editor in 0.00 ms.
Unloading 2020 Unused Serialized files (Serialized files now loaded: 0)
System memory in use before: 99.4 MB.
System memory in use after: 99.5 MB.

Unloading 23 unused Assets to reduce memory usage. Loaded Objects now: 2550.
Total: 3.047700 ms (FindLiveObjects: 0.140700 ms CreateObjectMapping: 0.067300 ms MarkObjects: 2.815200 ms  DeleteObjects: 0.024000 ms)

AssetImportParameters requested are different than current active one (requested -> active):
  custom:framework-win-MediaFoundation: 216162199b28c13a410421893ffa2e32 -> 
  custom:video-decoder-ogg-theora: a1e56fd34408186e4bbccfd4996cb3dc -> 
  custom:container-muxer-webm: aa71ff27fc2769a1b78a27578f13a17b -> 
  custom:container-demuxer-webm: 4f35f7cbe854078d1ac9338744f61a02 -> 
  custom:container-demuxer-ogg: 62fdf1f143b41e24485cea50d1cbac27 -> 
  custom:video-encoder-webm-vp8: eb34c28f22e8b96e1ab97ce403110664 -> 
  custom:video-decoder-webm-vp8: 9c59270c3fd7afecdb556c50c9e8de78 -> 
  custom:audio-decoder-ogg-vorbis: bf7c407c2cedff20999df2af8eb42d56 -> 
  custom:audio-encoder-webm-vorbis: bf7c407c2cedff20999df2af8eb42d56 -> 
========================================================================
Received Import Request.
  Time since last request: 102.534164 seconds.
  path: Assets/Animations
  artifactKey: Guid(4a8ecdc2dd1a2f3469d31c091bd757f1) Importer(815301076,1909f56bfc062723c751e8b465ee728b)
Start importing Assets/Animations using Guid(4a8ecdc2dd1a2f3469d31c091bd757f1) Importer(815301076,1909f56bfc062723c751e8b465ee728b)  -> (artifact id: '3479de525843033ec82db3dac36931d8') in 0.004073 seconds 
========================================================================
Received Import Request.
  Time since last request: 4.262552 seconds.
  path: Assets/Prefabs/Tray_01_Setup_04.prefab
  artifactKey: Guid(b1369b58bc00464468a0511cadb394f8) Importer(815301076,1909f56bfc062723c751e8b465ee728b)
Start importing Assets/Prefabs/Tray_01_Setup_04.prefab using Guid(b1369b58bc00464468a0511cadb394f8) Importer(815301076,1909f56bfc062723c751e8b465ee728b)  -> (artifact id: 'ef64ddf4a0b69a2eabe9dfbe098f4030') in 0.021774 seconds 
========================================================================
Received Prepare
Registering precompiled user dll's ...
Registered in 0.002395 seconds.
Begin MonoManager ReloadAssembly
Native extension for WindowsStandalone target not found
Refreshing native plugins compatible for Editor in 0.42 ms, found 2 plugins.
Preloading 0 native plugins for Editor in 0.00 ms.
Mono: successfully reloaded assembly
- Completed reload, in  1.064 seconds
Domain Reload Profiling:
	ReloadAssembly (1065ms)
		BeginReloadAssembly (118ms)
			ExecutionOrderSort (0ms)
			DisableScriptedObjects (5ms)
			BackupInstance (0ms)
			ReleaseScriptingObjects (0ms)
			CreateAndSetChildDomain (32ms)
		EndReloadAssembly (890ms)
			LoadAssemblies (101ms)
			RebuildTransferFunctionScriptingTraits (0ms)
			SetupTypeCache (271ms)
			ReleaseScriptCaches (1ms)
			RebuildScriptCaches (39ms)
			SetupLoadedEditorAssemblies (410ms)
				LogAssemblyErrors (0ms)
				InitializePlatformSupportModulesInManaged (4ms)
				SetLoadedEditorAssemblies (0ms)
				RefreshPlugins (0ms)
				BeforeProcessingInitializeOnLoad (74ms)
				ProcessInitializeOnLoadAttributes (309ms)
				ProcessInitializeOnLoadMethodAttributes (13ms)
				AfterProcessingInitializeOnLoad (8ms)
				EditorAssembliesLoaded (0ms)
			ExecutionOrderSort2 (0ms)
			AwakeInstancesAfterBackupRestoration (2ms)
Platform modules already initialized, skipping
Refreshing native plugins compatible for Editor in 0.42 ms, found 2 plugins.
Preloading 0 native plugins for Editor in 0.00 ms.
Unloading 2030 Unused Serialized files (Serialized files now loaded: 0)
System memory in use before: 99.7 MB.
System memory in use after: 99.8 MB.

Unloading 12 unused Assets to reduce memory usage. Loaded Objects now: 2563.
Total: 3.019400 ms (FindLiveObjects: 0.144800 ms CreateObjectMapping: 0.071500 ms MarkObjects: 2.784800 ms  DeleteObjects: 0.017800 ms)

AssetImportParameters requested are different than current active one (requested -> active):
  custom:framework-win-MediaFoundation: 216162199b28c13a410421893ffa2e32 -> 
  custom:video-decoder-ogg-theora: a1e56fd34408186e4bbccfd4996cb3dc -> 
  custom:container-muxer-webm: aa71ff27fc2769a1b78a27578f13a17b -> 
  custom:container-demuxer-webm: 4f35f7cbe854078d1ac9338744f61a02 -> 
  custom:container-demuxer-ogg: 62fdf1f143b41e24485cea50d1cbac27 -> 
  custom:video-encoder-webm-vp8: eb34c28f22e8b96e1ab97ce403110664 -> 
  custom:video-decoder-webm-vp8: 9c59270c3fd7afecdb556c50c9e8de78 -> 
  custom:audio-decoder-ogg-vorbis: bf7c407c2cedff20999df2af8eb42d56 -> 
  custom:audio-encoder-webm-vorbis: bf7c407c2cedff20999df2af8eb42d56 -> 
========================================================================
Received Prepare
Registering precompiled user dll's ...
Registered in 0.002440 seconds.
Begin MonoManager ReloadAssembly
Native extension for WindowsStandalone target not found
Refreshing native plugins compatible for Editor in 0.42 ms, found 2 plugins.
Preloading 0 native plugins for Editor in 0.00 ms.
Mono: successfully reloaded assembly
- Completed reload, in  1.056 seconds
Domain Reload Profiling:
	ReloadAssembly (1057ms)
		BeginReloadAssembly (114ms)
			ExecutionOrderSort (0ms)
			DisableScriptedObjects (4ms)
			BackupInstance (0ms)
			ReleaseScriptingObjects (0ms)
			CreateAndSetChildDomain (32ms)
		EndReloadAssembly (885ms)
			LoadAssemblies (99ms)
			RebuildTransferFunctionScriptingTraits (0ms)
			SetupTypeCache (266ms)
			ReleaseScriptCaches (1ms)
			RebuildScriptCaches (40ms)
			SetupLoadedEditorAssemblies (408ms)
				LogAssemblyErrors (0ms)
				InitializePlatformSupportModulesInManaged (5ms)
				SetLoadedEditorAssemblies (0ms)
				RefreshPlugins (0ms)
				BeforeProcessingInitializeOnLoad (76ms)
				ProcessInitializeOnLoadAttributes (307ms)
				ProcessInitializeOnLoadMethodAttributes (12ms)
				AfterProcessingInitializeOnLoad (7ms)
				EditorAssembliesLoaded (0ms)
			ExecutionOrderSort2 (0ms)
			AwakeInstancesAfterBackupRestoration (2ms)
Platform modules already initialized, skipping
Refreshing native plugins compatible for Editor in 0.40 ms, found 2 plugins.
Preloading 0 native plugins for Editor in 0.00 ms.
Unloading 2020 Unused Serialized files (Serialized files now loaded: 0)
System memory in use before: 99.4 MB.
System memory in use after: 99.6 MB.

Unloading 22 unused Assets to reduce memory usage. Loaded Objects now: 2556.
Total: 2.777200 ms (FindLiveObjects: 0.142000 ms CreateObjectMapping: 0.070100 ms MarkObjects: 2.541900 ms  DeleteObjects: 0.022300 ms)

AssetImportParameters requested are different than current active one (requested -> active):
  custom:framework-win-MediaFoundation: 216162199b28c13a410421893ffa2e32 -> 
  custom:video-decoder-ogg-theora: a1e56fd34408186e4bbccfd4996cb3dc -> 
  custom:container-muxer-webm: aa71ff27fc2769a1b78a27578f13a17b -> 
  custom:container-demuxer-webm: 4f35f7cbe854078d1ac9338744f61a02 -> 
  custom:container-demuxer-ogg: 62fdf1f143b41e24485cea50d1cbac27 -> 
  custom:video-encoder-webm-vp8: eb34c28f22e8b96e1ab97ce403110664 -> 
  custom:video-decoder-webm-vp8: 9c59270c3fd7afecdb556c50c9e8de78 -> 
  custom:audio-decoder-ogg-vorbis: bf7c407c2cedff20999df2af8eb42d56 -> 
  custom:audio-encoder-webm-vorbis: bf7c407c2cedff20999df2af8eb42d56 -> 
========================================================================
Received Import Request.
  Time since last request: 578.220244 seconds.
  path: Assets/ShoppingBasket.fbx
  artifactKey: Guid(c7b3d5841f0ee874b9e311637a6d2374) Importer(815301076,1909f56bfc062723c751e8b465ee728b)
Start importing Assets/ShoppingBasket.fbx using Guid(c7b3d5841f0ee874b9e311637a6d2374) Importer(815301076,1909f56bfc062723c751e8b465ee728b)  -> (artifact id: '8b52ace8c09b816e48cf4e3abe7c042a') in 0.029872 seconds 
========================================================================
Received Import Request.
  Time since last request: 35.264582 seconds.
  path: Assets/ShoppingBasket.fbx
  artifactKey: Guid(c7b3d5841f0ee874b9e311637a6d2374) Importer(815301076,1909f56bfc062723c751e8b465ee728b)
Start importing Assets/ShoppingBasket.fbx using Guid(c7b3d5841f0ee874b9e311637a6d2374) Importer(815301076,1909f56bfc062723c751e8b465ee728b)  -> (artifact id: 'a567220fd4187a3ddc2a1206368360ba') in 0.054672 seconds 
========================================================================
Received Import Request.
  Time since last request: 486.207574 seconds.
  path: Assets/Materials/Plastic.mat
  artifactKey: Guid(48b83e0490ab8eb4aba02e11bbf1577e) Importer(815301076,1909f56bfc062723c751e8b465ee728b)
Start importing Assets/Materials/Plastic.mat using Guid(48b83e0490ab8eb4aba02e11bbf1577e) Importer(815301076,1909f56bfc062723c751e8b465ee728b)  -> (artifact id: '1bbfef1d3a6e3d3fe13716c26c780edf') in 0.034943 seconds 
========================================================================
Received Import Request.
  Time since last request: 32.797376 seconds.
  path: Assets/Materials/Screen.mat
  artifactKey: Guid(50c7fc57c960b8f41b92317f9deca318) Importer(815301076,1909f56bfc062723c751e8b465ee728b)
Start importing Assets/Materials/Screen.mat using Guid(50c7fc57c960b8f41b92317f9deca318) Importer(815301076,1909f56bfc062723c751e8b465ee728b)  -> (artifact id: '2760ce1d80e57a32dcdbb1152347e2b9') in 0.008522 seconds 
========================================================================
Received Import Request.
  Time since last request: 15.080527 seconds.
  path: Assets/Materials/Plastic.mat
  artifactKey: Guid(48b83e0490ab8eb4aba02e11bbf1577e) Importer(815301076,1909f56bfc062723c751e8b465ee728b)
Start importing Assets/Materials/Plastic.mat using Guid(48b83e0490ab8eb4aba02e11bbf1577e) Importer(815301076,1909f56bfc062723c751e8b465ee728b)  -> (artifact id: '1c3ecc0b588c47945203b5f32fcc0a1e') in 0.010437 seconds 
========================================================================
Received Import Request.
  Time since last request: 0.000315 seconds.
  path: Assets/Materials/Screen.mat
  artifactKey: Guid(50c7fc57c960b8f41b92317f9deca318) Importer(815301076,1909f56bfc062723c751e8b465ee728b)
Start importing Assets/Materials/Screen.mat using Guid(50c7fc57c960b8f41b92317f9deca318) Importer(815301076,1909f56bfc062723c751e8b465ee728b)  -> (artifact id: '1b348f16ce47a72799c8fe88bdc8c965') in 0.016471 seconds 
AssetImportWorkerClient::OnTransportError - code=2 error=End of file
